<?xml version="1.0" encoding="UTF-8"?>
<testsuite xmlns:xsi="http://www.w3.org/2001/XMLSchema-instance" xsi:schemaLocation="https://maven.apache.org/surefire/maven-surefire-plugin/xsd/surefire-test-report.xsd" name="net.serenitybdd.tutorials.features.search.SearchByKeywordStory" time="8.087" tests="1" errors="1" skipped="0" failures="0">
  <properties>
[...]
</properties>
  <testcase name="search_results_should_show_the_search_term_in_the_title" classname="net.serenitybdd.tutorials.features.search.SearchByKeywordStory" time="3.254">
    <error message="Could not instantiate new WebDriver instance of type class org.openqa.selenium.chrome.ChromeDriver (session not created: This version of ChromeDriver only supports Chrome version 76&#10;Build info: version: &apos;3.141.59&apos;, revision: &apos;e82be7d358&apos;, time: &apos;2018-11-14T08:17:03&apos;&#10;System info: host: &apos;ADALID&apos;, ip: &apos;192.168.56.1&apos;, os.name: &apos;Windows 10&apos;, os.arch: &apos;amd64&apos;, os.version: &apos;10.0&apos;, java.version: &apos;1.8.0_201&apos;&#10;Driver info: driver.version: ProvideNewDriver&#10;remote stacktrace: Backtrace:&#10;	Ordinal0 [0x00447B13+1473299]&#10;	Ordinal0 [0x003CAC61+961633]&#10;	Ordinal0 [0x003541A3+475555]&#10;	Ordinal0 [0x002EF365+62309]&#10;	Ordinal0 [0x002EBC77+48247]&#10;	Ordinal0 [0x00308FD9+167897]&#10;	Ordinal0 [0x00308BAD+166829]&#10;	Ordinal0 [0x003072BB+160443]&#10;	Ordinal0 [0x002F0AE6+68326]&#10;	Ordinal0 [0x002F1A80+72320]&#10;	Ordinal0 [0x002F1A19+72217]&#10;	Ordinal0 [0x003E4A27+1067559]&#10;	GetHandleVerifier [0x004E66F5+506677]&#10;	GetHandleVerifier [0x004E6490+506064]&#10;	GetHandleVerifier [0x004ED038+533624]&#10;	GetHandleVerifier [0x004E6ECA+508682]&#10;	Ordinal0 [0x003DC116+1032470]&#10;	Ordinal0 [0x003DBF8F+1032079]&#10;	Ordinal0 [0x003E693B+1075515]&#10;	Ordinal0 [0x003E6AA3+1075875]&#10;	Ordinal0 [0x003E5A55+1071701]&#10;	BaseThreadInitThunk [0x742F8494+36]&#10;	RtlAreBitsSet [0x773341C8+136]&#10;	RtlAreBitsSet [0x77334198+88]&#10;). See below for more details." type="net.thucydides.core.webdriver.DriverConfigurationError">net.thucydides.core.webdriver.DriverConfigurationError: 
Could not instantiate new WebDriver instance of type class org.openqa.selenium.chrome.ChromeDriver (session not created: This version of ChromeDriver only supports Chrome version 76
Build info: version: '3.141.59', revision: 'e82be7d358', time: '2018-11-14T08:17:03'
System info: host: 'ADALID', ip: '192.168.56.1', os.name: 'Windows 10', os.arch: 'amd64', os.version: '10.0', java.version: '1.8.0_201'
Driver info: driver.version: ProvideNewDriver
remote stacktrace: Backtrace:
	Ordinal0 [0x00447B13+1473299]
	Ordinal0 [0x003CAC61+961633]
	Ordinal0 [0x003541A3+475555]
	Ordinal0 [0x002EF365+62309]
	Ordinal0 [0x002EBC77+48247]
	Ordinal0 [0x00308FD9+167897]
	Ordinal0 [0x00308BAD+166829]
	Ordinal0 [0x003072BB+160443]
	Ordinal0 [0x002F0AE6+68326]
	Ordinal0 [0x002F1A80+72320]
	Ordinal0 [0x002F1A19+72217]
	Ordinal0 [0x003E4A27+1067559]
	GetHandleVerifier [0x004E66F5+506677]
	GetHandleVerifier [0x004E6490+506064]
	GetHandleVerifier [0x004ED038+533624]
	GetHandleVerifier [0x004E6ECA+508682]
	Ordinal0 [0x003DC116+1032470]
	Ordinal0 [0x003DBF8F+1032079]
	Ordinal0 [0x003E693B+1075515]
	Ordinal0 [0x003E6AA3+1075875]
	Ordinal0 [0x003E5A55+1071701]
	BaseThreadInitThunk [0x742F8494+36]
	RtlAreBitsSet [0x773341C8+136]
	RtlAreBitsSet [0x77334198+88]
). See below for more details.
	at net.serenitybdd.tutorials.features.search.SearchByKeywordStory.search_results_should_show_the_search_term_in_the_title(SearchByKeywordStory.java:41)
</error>
    <system-err><![CDATA[[main] INFO net.thucydides.core.steps.ConsoleLoggingListener - 

-------------------------------------------------------------------------------------
     _______. _______ .______       _______ .__   __.  __  .___________.____    ____ 
    /       ||   ____||   _  \     |   ____||  \ |  | |  | |           |\   \  /   / 
   |   (----`|  |__   |  |_)  |    |  |__   |   \|  | |  | `---|  |----` \   \/   /  
    \   \    |   __|  |      /     |   __|  |  . `  | |  |     |  |       \_    _/   
.----)   |   |  |____ |  |\  \----.|  |____ |  |\   | |  |     |  |         |  |     
|_______/    |_______|| _| `._____||_______||__| \__| |__|     |__|         |__|    
                                                                                     
 News and tutorials at http://www.serenity-bdd.info                                  
 Documentation at https://wakaleo.gitbooks.io/the-serenity-book/content/             
 Join the Serenity Community on Rocket Chat at https://serenity-bdd.rocket.chat      
 Serenity BDD Support and Training at http://serenity-bdd.info/#/trainingandsupport  
 Learn Serenity BDD online at http://serenity-dojo.com                               
-------------------------------------------------------------------------------------

[main] INFO net.thucydides.core.steps.ConsoleLoggingListener - Test Suite Started: Search by keyword story
[main] INFO net.thucydides.core.steps.ConsoleLoggingListener - 
 _____ _____ ____ _____   ____ _____  _    ____ _____ _____ ____  
|_   _| ____/ ___|_   _| / ___|_   _|/ \  |  _ \_   _| ____|  _ \ 
  | | |  _| \___ \ | |   \___ \ | | / _ \ | |_) || | |  _| | | | |
  | | | |___ ___) || |    ___) || |/ ___ \|  _ < | | | |___| |_| |
  |_| |_____|____/ |_|   |____/ |_/_/   \_\_| \_\|_| |_____|____/ 
                                                                  

TEST STARTED: search_results_should_show_the_search_term_in_the_title
-------------------------------------------------------------------
[main] INFO net.serenitybdd.core.Serenity - TEST NUMBER: 1
Jul 16, 2019 8:35:55 PM org.openqa.selenium.remote.DesiredCapabilities chrome
INFO: Using `new ChromeOptions()` is preferred to `DesiredCapabilities.chrome()`
[main] INFO net.serenitybdd.core.webdriver.driverproviders.ProvideNewDriver - Instantiating driver
[main] INFO net.serenitybdd.core.webdriver.driverproviders.ProvideNewDriver - Driver capabilities: Capabilities {acceptInsecureCerts: false, browserName: chrome, goog:chromeOptions: {args: [--enable-automation, --test-type], extensions: []}, platform: ANY, version: }
Starting ChromeDriver 76.0.3809.25 (a0c95f440512e06df1c9c206f2d79cc20be18bb1-refs/branch-heads/3809@{#271}) on port 1223
Only local connections are allowed.
Please protect ports used by ChromeDriver and related test frameworks to prevent access by malicious code.
]]></system-err>
  </testcase>
</testsuite>